Unity Editor version:    6000.0.46f1 (fb93bc360d3a)
Branch:                  6000.0/release
Build type:              Release
Batch mode:              YES
macOS version:           Version 13.7.8 (Build 22H730)
Darwin version:          22.6.0
Architecture:            x86_64
Running under Rosetta:   NO
Available memory:        16384 MB
Using pre-set license
Pro License: YES

COMMAND LINE ARGUMENTS:
/Applications/Unity/Unity.app/Contents/MacOS/Unity
-adb2
-batchMode
-noUpm
-name
AssetImportWorker0
-projectPath
/Users/Tedski/Documents/GitHub/autumn-attack/autumn-attack
-logFile
Logs/AssetImportWorker0.log
-srvPort
50130
-job-worker-count
1
-background-job-worker-count
8
-gc-helper-count
1
Successfully changed project path to: /Users/Tedski/Documents/GitHub/autumn-attack/autumn-attack
/Users/Tedski/Documents/GitHub/autumn-attack/autumn-attack
[UnityMemory] Configuration Parameters - Can be set up in boot.config
    "memorysetup-bucket-allocator-granularity=16"
    "memorysetup-bucket-allocator-bucket-count=8"
    "memorysetup-bucket-allocator-block-size=33554432"
    "memorysetup-bucket-allocator-block-count=8"
    "memorysetup-main-allocator-block-size=16777216"
    "memorysetup-thread-allocator-block-size=16777216"
    "memorysetup-gfx-main-allocator-block-size=16777216"
    "memorysetup-gfx-thread-allocator-block-size=16777216"
    "memorysetup-cache-allocator-block-size=4194304"
    "memorysetup-typetree-allocator-block-size=2097152"
    "memorysetup-profiler-bucket-allocator-granularity=16"
    "memorysetup-profiler-bucket-allocator-bucket-count=8"
    "memorysetup-profiler-bucket-allocator-block-size=33554432"
    "memorysetup-profiler-bucket-allocator-block-count=8"
    "memorysetup-profiler-allocator-block-size=16777216"
    "memorysetup-profiler-editor-allocator-block-size=1048576"
    "memorysetup-temp-allocator-size-main=16777216"
    "memorysetup-job-temp-allocator-block-size=2097152"
    "memorysetup-job-temp-allocator-block-size-background=1048576"
    "memorysetup-job-temp-allocator-reduction-small-platforms=262144"
    "memorysetup-allocator-temp-initial-block-size-main=262144"
    "memorysetup-allocator-temp-initial-block-size-worker=262144"
    "memorysetup-temp-allocator-size-background-worker=32768"
    "memorysetup-temp-allocator-size-job-worker=262144"
    "memorysetup-temp-allocator-size-preload-manager=33554432"
    "memorysetup-temp-allocator-size-nav-mesh-worker=65536"
    "memorysetup-temp-allocator-size-audio-worker=65536"
    "memorysetup-temp-allocator-size-cloud-worker=32768"
    "memorysetup-temp-allocator-size-gi-baking-worker=262144"
    "memorysetup-temp-allocator-size-gi-baking-worker=262144"
    "memorysetup-temp-allocator-size-gi-baking-worker=262144"
    "memorysetup-temp-allocator-size-gi-baking-worker=262144"
    "memorysetup-temp-allocator-size-gi-baking-worker=262144"
    "memorysetup-temp-allocator-size-gfx=262144"
Player connection [140704315787776]  Target information:

Player connection [140704315787776]  * "[IP] 192.168.0.48 [Port] 0 [Flags] 2 [Guid] 1646676514 [EditorId] 1646676514 [Version] 1048832 [Id] OSXEditor(0,Alexs-iMac-2.local) [Debug] 1 [PackageName] OSXEditor [ProjectName] Editor" 

Player connection [140704315787776] Host joined multi-casting on [225.0.0.222:54997]...
Player connection [140704315787776] Host joined alternative multi-casting on [225.0.0.222:34997]...
JobSystem: Creating JobQueue using job-worker-count value 1
Input System module state changed to: Initialized.
[Physics::Module] Initialized fallback backend.
[Physics::Module] Id: 0xdecafbad
Library Redirect Path: Library/
[Physics::Module] Selected backend.
[Physics::Module] Name: PhysX
[Physics::Module] Id: 0xf2b8ea05
[Physics::Module] SDK Version: 4.1.2
[Physics::Module] Integration Version: 1.0.0
[Physics::Module] Threading Mode: Multi-Threaded
Refreshing native plugins compatible for Editor in 211.98 ms, found 3 plugins.
Preloading 0 native plugins for Editor in 0.00 ms.
Initialize engine version: 6000.0.46f1 (fb93bc360d3a)
[Subsystems] Discovering subsystems at path /Applications/Unity/Unity.app/Contents/Resources/UnitySubsystems
[Subsystems] Discovering subsystems at path /Users/Tedski/Documents/GitHub/autumn-attack/autumn-attack/Assets
GfxDevice: creating device client; kGfxThreadingModeNonThreaded
iMac preferred device: Intel(R) Iris(TM) Plus Graphics 640 (low power)
Metal devices available: 1
0: Intel(R) Iris(TM) Plus Graphics 640 (low power)
Using device Intel(R) Iris(TM) Plus Graphics 640 (low power)
Initializing Metal device caps: Intel(R) Iris(TM) Plus Graphics 640
Initialize mono
Mono path[0] = '/Applications/Unity/Unity.app/Contents/Managed'
Mono path[1] = '/Applications/Unity/Unity.app/Contents/MonoBleedingEdge/lib/mono/unityjit-macos'
Mono config path = '/Applications/Unity/Unity.app/Contents/MonoBleedingEdge/etc'
Using monoOptions --debugger-agent=transport=dt_socket,embedding=1,server=y,suspend=n,address=127.0.0.1:56834
Begin MonoManager ReloadAssembly
Registering precompiled unity dll's ...
Register platform support module: /Applications/Unity/PlaybackEngines/WebGLSupport/UnityEditor.WebGL.Extensions.dll
Register platform support module: /Applications/Unity/Unity.app/Contents/PlaybackEngines/MacStandaloneSupport/UnityEditor.OSXStandalone.Extensions.dll
Register platform support module: /Applications/Unity/PlaybackEngines/WindowsStandaloneSupport/UnityEditor.WindowsStandalone.Extensions.dll
Registered in 0.009289 seconds.
- Loaded All Assemblies, in  2.254 seconds
Native extension for WindowsStandalone target not found
Native extension for OSXStandalone target not found
Native extension for WebGL target not found
Mono: successfully reloaded assembly
- Finished resetting the current domain, in  1.235 seconds
Domain Reload Profiling: 3488ms
	BeginReloadAssembly (660ms)
		ExecutionOrderSort (0ms)
		DisableScriptedObjects (0ms)
		BackupInstance (0ms)
		ReleaseScriptingObjects (0ms)
		CreateAndSetChildDomain (1ms)
	RebuildCommonClasses (139ms)
	RebuildNativeTypeToScriptingClass (51ms)
	initialDomainReloadingComplete (231ms)
	LoadAllAssembliesAndSetupDomain (1170ms)
		LoadAssemblies (666ms)
		RebuildTransferFunctionScriptingTraits (0ms)
		AnalyzeDomain (1157ms)
			TypeCache.Refresh (1151ms)
				TypeCache.ScanAssembly (1114ms)
			BuildScriptInfoCaches (0ms)
			ResolveRequiredComponents (2ms)
	FinalizeReload (1236ms)
		ReleaseScriptCaches (0ms)
		RebuildScriptCaches (0ms)
		SetupLoadedEditorAssemblies (1049ms)
			LogAssemblyErrors (0ms)
			InitializePlatformSupportModulesInManaged (114ms)
			SetLoadedEditorAssemblies (11ms)
			BeforeProcessingInitializeOnLoad (204ms)
			ProcessInitializeOnLoadAttributes (552ms)
			ProcessInitializeOnLoadMethodAttributes (167ms)
			AfterProcessingInitializeOnLoad (0ms)
			EditorAssembliesLoaded (0ms)
		ExecutionOrderSort2 (0ms)
		AwakeInstancesAfterBackupRestoration (0ms)
========================================================================
Worker process is ready to serve import requests
Import Worker Mode flag is 0x00
Begin MonoManager ReloadAssembly
- Loaded All Assemblies, in  3.388 seconds
Refreshing native plugins compatible for Editor in 3.76 ms, found 3 plugins.
Native extension for WindowsStandalone target not found
Native extension for OSXStandalone target not found
Native extension for WebGL target not found
<WakaTime> Initializing...
UnityEngine.Debug:ExtractStackTraceNoAlloc (byte*,int,string)
UnityEngine.StackTraceUtility:ExtractStackTrace () (at /Users/bokken/build/output/unity/unity/Runtime/Export/Scripting/StackTrace.cs:37)
UnityEngine.DebugLogHandler:Internal_Log (UnityEngine.LogType,UnityEngine.LogOption,string,UnityEngine.Object)
UnityEngine.DebugLogHandler:LogFormat (UnityEngine.LogType,UnityEngine.Object,string,object[])
UnityEngine.Logger:Log (UnityEngine.LogType,object)
UnityEngine.Debug:Log (object)
WakaTime.Plugin:Initialize () (at ./Library/PackageCache/com.hestia.hackatime@574b3d3d2eec/Editor/Plugin.cs:60)
WakaTime.Plugin:.cctor () (at ./Library/PackageCache/com.hestia.hackatime@574b3d3d2eec/Editor/Plugin.cs:34)
System.Runtime.CompilerServices.RuntimeHelpers:RunClassConstructor (System.RuntimeTypeHandle)
UnityEditor.EditorAssemblies:ProcessInitializeOnLoadAttributes (System.Type[]) (at /Users/bokken/build/output/unity/unity/Editor/Mono/EditorAssemblies.cs:118)

(Filename: ./Library/PackageCache/com.hestia.hackatime@574b3d3d2eec/Editor/Plugin.cs Line: 60)

<WakaTime> Sending heartbeat...
UnityEngine.Debug:ExtractStackTraceNoAlloc (byte*,int,string)
UnityEngine.StackTraceUtility:ExtractStackTrace () (at /Users/bokken/build/output/unity/unity/Runtime/Export/Scripting/StackTrace.cs:37)
UnityEngine.DebugLogHandler:Internal_Log (UnityEngine.LogType,UnityEngine.LogOption,string,UnityEngine.Object)
UnityEngine.DebugLogHandler:LogFormat (UnityEngine.LogType,UnityEngine.Object,string,object[])
UnityEngine.Logger:Log (UnityEngine.LogType,object)
UnityEngine.Debug:Log (object)
WakaTime.Plugin:SendHeartbeat (bool) (at ./Library/PackageCache/com.hestia.hackatime@574b3d3d2eec/Editor/Plugin.cs:128)
WakaTime.Plugin:Initialize () (at ./Library/PackageCache/com.hestia.hackatime@574b3d3d2eec/Editor/Plugin.cs:62)
WakaTime.Plugin:.cctor () (at ./Library/PackageCache/com.hestia.hackatime@574b3d3d2eec/Editor/Plugin.cs:34)
System.Runtime.CompilerServices.RuntimeHelpers:RunClassConstructor (System.RuntimeTypeHandle)
UnityEditor.EditorAssemblies:ProcessInitializeOnLoadAttributes (System.Type[]) (at /Users/bokken/build/output/unity/unity/Editor/Mono/EditorAssemblies.cs:118)

(Filename: ./Library/PackageCache/com.hestia.hackatime@574b3d3d2eec/Editor/Plugin.cs Line: 128)

Mono: successfully reloaded assembly
- Finished resetting the current domain, in  5.181 seconds
Domain Reload Profiling: 8568ms
	BeginReloadAssembly (407ms)
		ExecutionOrderSort (0ms)
		DisableScriptedObjects (49ms)
		BackupInstance (0ms)
		ReleaseScriptingObjects (0ms)
		CreateAndSetChildDomain (96ms)
	RebuildCommonClasses (144ms)
	RebuildNativeTypeToScriptingClass (38ms)
	initialDomainReloadingComplete (123ms)
	LoadAllAssembliesAndSetupDomain (2673ms)
		LoadAssemblies (1529ms)
		RebuildTransferFunctionScriptingTraits (0ms)
		AnalyzeDomain (1314ms)
			TypeCache.Refresh (1025ms)
				TypeCache.ScanAssembly (941ms)
			BuildScriptInfoCaches (218ms)
			ResolveRequiredComponents (55ms)
	FinalizeReload (5182ms)
		ReleaseScriptCaches (0ms)
		RebuildScriptCaches (0ms)
		SetupLoadedEditorAssemblies (4440ms)
			LogAssemblyErrors (0ms)
			InitializePlatformSupportModulesInManaged (14ms)
			SetLoadedEditorAssemblies (13ms)
			BeforeProcessingInitializeOnLoad (455ms)
			ProcessInitializeOnLoadAttributes (2771ms)
			ProcessInitializeOnLoadMethodAttributes (1184ms)
			AfterProcessingInitializeOnLoad (2ms)
			EditorAssembliesLoaded (0ms)
		ExecutionOrderSort2 (0ms)
		AwakeInstancesAfterBackupRestoration (84ms)
Launching external process: /Applications/Unity/Unity.app/Contents/Tools/UnityShaderCompiler
Launched and connected shader compiler UnityShaderCompiler after 0.53 seconds
Refreshing native plugins compatible for Editor in 2.69 ms, found 3 plugins.
Preloading 0 native plugins for Editor in 0.00 ms.
Unloading 220 Unused Serialized files (Serialized files now loaded: 0)
<WakaTime> Got response
{"id":482546910,"user_id":11507,"branch":"master","category":"coding","dependencies":[],"editor":"","entity":"Unsaved Scene","language":"unity","machine":null,"operating_system":"","project":"autumn-attack","type":"file","user_agent":"unity-wakatime","line_additions":null,"line_deletions":null,"lineno":null,"lines":null,"cursorpos":null,"project_root_count":null,"time":1761380992.0,"is_write":false,"created_at":"2025-10-25T08:29:28.120Z","updated_at":"2025-10-25T08:29:28.124Z","fields_hash":"c5345f4cf26e136aa8bfff4cd7da79e1","source_type":"direct_entry","ip_address":"81.97.26.125","ysws_program":"nothing","deleted_at":null,"raw_data":{"user_id":11507,"branch":"master","category":"coding","dependencies":[],"editor":"","entity":"Unsaved Scene","language":"unity","machine":null,"operating_system":"","project":"autumn-attack","type":"file","user_agent":"unity-wakatime","line_additions":null,"line_deletions":null,"lineno":null,"lines":null,"cursorpos":null,"project_root_count":null,"time":1761380992.0,"is_write":false},"raw_heartbeat_upload_id":73253011}
UnityEngine.Debug:ExtractStackTraceNoAlloc (byte*,int,string)
UnityEngine.StackTraceUtility:ExtractStackTrace () (at /Users/bokken/build/output/unity/unity/Runtime/Export/Scripting/StackTrace.cs:37)
UnityEngine.DebugLogHandler:Internal_Log (UnityEngine.LogType,UnityEngine.LogOption,string,UnityEngine.Object)
UnityEngine.DebugLogHandler:LogFormat (UnityEngine.LogType,UnityEngine.Object,string,object[])
UnityEngine.Logger:Log (UnityEngine.LogType,object)
UnityEngine.Debug:Log (object)
WakaTime.Plugin/<>c__DisplayClass21_0:<SendHeartbeat>b__0 (UnityEngine.AsyncOperation) (at ./Library/PackageCache/com.hestia.hackatime@574b3d3d2eec/Editor/Plugin.cs:157)
UnityEngine.AsyncOperation:InvokeCompletionEvent () (at /Users/bokken/build/output/unity/unity/Runtime/Export/Scripting/AsyncOperation.cs:24)

(Filename: ./Library/PackageCache/com.hestia.hackatime@574b3d3d2eec/Editor/Plugin.cs Line: 157)

<WakaTime> Sent heartbeat!
UnityEngine.Debug:ExtractStackTraceNoAlloc (byte*,int,string)
UnityEngine.StackTraceUtility:ExtractStackTrace () (at /Users/bokken/build/output/unity/unity/Runtime/Export/Scripting/StackTrace.cs:37)
UnityEngine.DebugLogHandler:Internal_Log (UnityEngine.LogType,UnityEngine.LogOption,string,UnityEngine.Object)
UnityEngine.DebugLogHandler:LogFormat (UnityEngine.LogType,UnityEngine.Object,string,object[])
UnityEngine.Logger:Log (UnityEngine.LogType,object)
UnityEngine.Debug:Log (object)
WakaTime.Plugin/<>c__DisplayClass21_0:<SendHeartbeat>b__0 (UnityEngine.AsyncOperation) (at ./Library/PackageCache/com.hestia.hackatime@574b3d3d2eec/Editor/Plugin.cs:173)
UnityEngine.AsyncOperation:InvokeCompletionEvent () (at /Users/bokken/build/output/unity/unity/Runtime/Export/Scripting/AsyncOperation.cs:24)

(Filename: ./Library/PackageCache/com.hestia.hackatime@574b3d3d2eec/Editor/Plugin.cs Line: 173)

Unloading 6694 unused Assets / (5.0 MB). Loaded Objects now: 7407.
Memory consumption went from 168.0 MB to 163.0 MB.
Total: 150.258325 ms (FindLiveObjects: 0.983955 ms CreateObjectMapping: 1.238896 ms MarkObjects: 143.899393 ms  DeleteObjects: 4.134542 ms)

========================================================================
Received Import Request.
  Time since last request: 175172.430239 seconds.
  path: Assets/New Piskel (33).png
  artifactKey: Guid(dcb3d78c6991340dcb84b63f24756f2f) Importer(815301076,1909f56bfc062723c751e8b465ee728b)
Start importing Assets/New Piskel (33).png using Guid(dcb3d78c6991340dcb84b63f24756f2f) Importer(815301076,1909f56bfc062723c751e8b465ee728b) (PreviewImporter) -> (artifact id: '5af6db451db1b093cf9198886888d157') in 1.419965642 seconds
Number of updated asset objects reloaded before import = 0Number of asset objects unloaded after import = 3

========================================================================
Received Import Request.
  Time since last request: 0.000241 seconds.
  path: Assets/New Piskel (43).png
  artifactKey: Guid(b02d46a17ad834a9ea3697cb78513eb2) Importer(815301076,1909f56bfc062723c751e8b465ee728b)
Start importing Assets/New Piskel (43).png using Guid(b02d46a17ad834a9ea3697cb78513eb2) Importer(815301076,1909f56bfc062723c751e8b465ee728b) (PreviewImporter) -> (artifact id: '072968bd432f5fd5136c96c034d93eee') in 0.026051685 seconds
Number of updated asset objects reloaded before import = 0Number of asset objects unloaded after import = 3

========================================================================
Received Import Request.
  Time since last request: 0.000119 seconds.
  path: Assets/Cursor.prefab
  artifactKey: Guid(18991b21125ae4ac18df160b47ae0b09) Importer(815301076,1909f56bfc062723c751e8b465ee728b)
Start importing Assets/Cursor.prefab using Guid(18991b21125ae4ac18df160b47ae0b09) Importer(815301076,1909f56bfc062723c751e8b465ee728b) (PreviewImporter) -> (artifact id: '063e6a480e86095b2a1e89f5a8e228a6') in 2.843353564 seconds
Number of updated asset objects reloaded before import = 0Number of asset objects unloaded after import = 8

========================================================================
Received Import Request.
  Time since last request: 0.000134 seconds.
  path: Assets/Autumn-Attack-24-10-2025.png
  artifactKey: Guid(4b757a1661c44493bb9d959746ee83ac) Importer(815301076,1909f56bfc062723c751e8b465ee728b)
Start importing Assets/Autumn-Attack-24-10-2025.png using Guid(4b757a1661c44493bb9d959746ee83ac) Importer(815301076,1909f56bfc062723c751e8b465ee728b) (PreviewImporter) -> (artifact id: '1aae5d074602556adc0a6c6a5fa2299a') in 0.056840442 seconds
Number of updated asset objects reloaded before import = 0Number of asset objects unloaded after import = 3

========================================================================
Received Import Request.
  Time since last request: 0.002088 seconds.
  path: Assets/soft-calm-background-music-416544.mp3
  artifactKey: Guid(18eac79c4451e411191f362f52790ec1) Importer(815301076,1909f56bfc062723c751e8b465ee728b)
Start importing Assets/soft-calm-background-music-416544.mp3 using Guid(18eac79c4451e411191f362f52790ec1) Importer(815301076,1909f56bfc062723c751e8b465ee728b) (PreviewImporter) -> (artifact id: '9c969ff3a9908c4e0cf0122848730ad4') in 0.187582599 seconds
Number of updated asset objects reloaded before import = 0Number of asset objects unloaded after import = 2

========================================================================
Received Import Request.
  Time since last request: 0.003486 seconds.
  path: Assets/segoe-ui-emoji_0 SDF.asset
  artifactKey: Guid(9dd4cad0f41da43e7b29470d1f440682) Importer(815301076,1909f56bfc062723c751e8b465ee728b)
Start importing Assets/segoe-ui-emoji_0 SDF.asset using Guid(9dd4cad0f41da43e7b29470d1f440682) Importer(815301076,1909f56bfc062723c751e8b465ee728b) (PreviewImporter) -> (artifact id: 'f5a64a488d0a3765782da19f4db591fb') in 2.085709184 seconds
Number of updated asset objects reloaded before import = 0Number of asset objects unloaded after import = 4

========================================================================
Received Import Request.
  Time since last request: 0.000081 seconds.
  path: Assets/Leaf.prefab
  artifactKey: Guid(c5d94358a1d1e495db46d087b34e8d00) Importer(815301076,1909f56bfc062723c751e8b465ee728b)
Start importing Assets/Leaf.prefab using Guid(c5d94358a1d1e495db46d087b34e8d00) Importer(815301076,1909f56bfc062723c751e8b465ee728b) (PreviewImporter) -> (artifact id: 'b61b93477d56db41e0ba8a8396c0b193') in 0.09691316 seconds
Number of updated asset objects reloaded before import = 0Number of asset objects unloaded after import = 10

========================================================================
Received Import Request.
  Time since last request: 0.000086 seconds.
  path: Assets/New Piskel (38).png
  artifactKey: Guid(7034c1eec7ab148d5a6e1024e611a2a6) Importer(815301076,1909f56bfc062723c751e8b465ee728b)
Start importing Assets/New Piskel (38).png using Guid(7034c1eec7ab148d5a6e1024e611a2a6) Importer(815301076,1909f56bfc062723c751e8b465ee728b) (PreviewImporter) -> (artifact id: 'd061071bd34a5c3440120662965d1445') in 0.017443484 seconds
Number of updated asset objects reloaded before import = 0Number of asset objects unloaded after import = 3

========================================================================
Received Import Request.
  Time since last request: 0.000145 seconds.
  path: Assets/1490.gif
  artifactKey: Guid(3a82cf8d5520e49df9dc87e6df186e76) Importer(815301076,1909f56bfc062723c751e8b465ee728b)
Start importing Assets/1490.gif using Guid(3a82cf8d5520e49df9dc87e6df186e76) Importer(815301076,1909f56bfc062723c751e8b465ee728b) (PreviewImporter) -> (artifact id: '7c95cc11848b71ec073250d01007f6b5') in 0.016496341 seconds
Number of updated asset objects reloaded before import = 0Number of asset objects unloaded after import = 3

========================================================================
Received Import Request.
  Time since last request: 0.000106 seconds.
  path: Assets/Freeb.prefab
  artifactKey: Guid(a96c2de1e6ff34555b6cc1c592ba57dc) Importer(815301076,1909f56bfc062723c751e8b465ee728b)
Start importing Assets/Freeb.prefab using Guid(a96c2de1e6ff34555b6cc1c592ba57dc) Importer(815301076,1909f56bfc062723c751e8b465ee728b) (PreviewImporter) -> (artifact id: 'e706abcbf371f4fe40c48143a49e6f77') in 0.014460247 seconds
Number of updated asset objects reloaded before import = 0Number of asset objects unloaded after import = 8

========================================================================
Received Import Request.
  Time since last request: 0.000246 seconds.
  path: Assets/Freed.prefab
  artifactKey: Guid(f0462b661555a4c3bba32b81199a5ba4) Importer(815301076,1909f56bfc062723c751e8b465ee728b)
Start importing Assets/Freed.prefab using Guid(f0462b661555a4c3bba32b81199a5ba4) Importer(815301076,1909f56bfc062723c751e8b465ee728b) (PreviewImporter) -> (artifact id: '0054b85f90ed78977d20401f2ac1992d') in 0.020575577 seconds
Number of updated asset objects reloaded before import = 0Number of asset objects unloaded after import = 8

========================================================================
Received Import Request.
  Time since last request: 0.000087 seconds.
  path: Assets/ui-sound-2-374229.mp3
  artifactKey: Guid(31f10725f305a4dc4af7557e206e3321) Importer(815301076,1909f56bfc062723c751e8b465ee728b)
Start importing Assets/ui-sound-2-374229.mp3 using Guid(31f10725f305a4dc4af7557e206e3321) Importer(815301076,1909f56bfc062723c751e8b465ee728b) (PreviewImporter) -> (artifact id: 'a9d680d12c3b5820617d668213921abc') in 0.011892196 seconds
Number of updated asset objects reloaded before import = 0Number of asset objects unloaded after import = 2

========================================================================
Received Import Request.
  Time since last request: 0.000095 seconds.
  path: Assets/New Piskel (34).png
  artifactKey: Guid(1aff398eecf5c4b4ca73feadbad74f64) Importer(815301076,1909f56bfc062723c751e8b465ee728b)
Start importing Assets/New Piskel (34).png using Guid(1aff398eecf5c4b4ca73feadbad74f64) Importer(815301076,1909f56bfc062723c751e8b465ee728b) (PreviewImporter) -> (artifact id: '0002b14c42d00beb3429900048384034') in 0.020417155 seconds
Number of updated asset objects reloaded before import = 0Number of asset objects unloaded after import = 3

========================================================================
Received Import Request.
  Time since last request: 0.000892 seconds.
  path: Assets/New Piskel (42).png
  artifactKey: Guid(3ba52be9651674672bedd834812a61e4) Importer(815301076,1909f56bfc062723c751e8b465ee728b)
Start importing Assets/New Piskel (42).png using Guid(3ba52be9651674672bedd834812a61e4) Importer(815301076,1909f56bfc062723c751e8b465ee728b) (PreviewImporter) -> (artifact id: 'ac97dc2353dc80e3d0bc7e82a30cc38a') in 0.037890303 seconds
Number of updated asset objects reloaded before import = 0Number of asset objects unloaded after import = 3

========================================================================
Received Import Request.
  Time since last request: 0.006444 seconds.
  path: Assets/New Piskel (40).png
  artifactKey: Guid(5635102d617d64a26bf396b0c7ae78ab) Importer(815301076,1909f56bfc062723c751e8b465ee728b)
Start importing Assets/New Piskel (40).png using Guid(5635102d617d64a26bf396b0c7ae78ab) Importer(815301076,1909f56bfc062723c751e8b465ee728b) (PreviewImporter) -> (artifact id: '928a32b84795f24a078aaac56562ded4') in 0.030423214 seconds
Number of updated asset objects reloaded before import = 0Number of asset objects unloaded after import = 3

========================================================================
Received Import Request.
  Time since last request: 0.000385 seconds.
  path: Assets/segoe-ui-emoji_0.ttf
  artifactKey: Guid(6434c3343edbd4ed3b27feadcf8aa8c7) Importer(815301076,1909f56bfc062723c751e8b465ee728b)
Start importing Assets/segoe-ui-emoji_0.ttf using Guid(6434c3343edbd4ed3b27feadcf8aa8c7) Importer(815301076,1909f56bfc062723c751e8b465ee728b) (PreviewImporter) -> (artifact id: 'e0cf68733e4e440b2fa0980931cab284') in 0.407467723 seconds
Number of updated asset objects reloaded before import = 0Number of asset objects unloaded after import = 4

========================================================================
Received Import Request.
  Time since last request: 0.000079 seconds.
  path: Assets/New Piskel (39).png
  artifactKey: Guid(5f0e8a493c02f4d0b99b4478bbeb9b80) Importer(815301076,1909f56bfc062723c751e8b465ee728b)
Start importing Assets/New Piskel (39).png using Guid(5f0e8a493c02f4d0b99b4478bbeb9b80) Importer(815301076,1909f56bfc062723c751e8b465ee728b) (PreviewImporter) -> (artifact id: '4dbd6f623b75ab9b236827799057e47e') in 0.01975522 seconds
Number of updated asset objects reloaded before import = 0Number of asset objects unloaded after import = 3

========================================================================
Received Import Request.
  Time since last request: 0.000106 seconds.
  path: Assets/Freec.prefab
  artifactKey: Guid(52e016e4f0124483b9e53dd30f8db8f5) Importer(815301076,1909f56bfc062723c751e8b465ee728b)
Start importing Assets/Freec.prefab using Guid(52e016e4f0124483b9e53dd30f8db8f5) Importer(815301076,1909f56bfc062723c751e8b465ee728b) (PreviewImporter) -> (artifact id: 'efb88c9636b243f6da206c2a0b3875fb') in 0.017199142 seconds
Number of updated asset objects reloaded before import = 0Number of asset objects unloaded after import = 8

========================================================================
Received Import Request.
  Time since last request: 0.001932 seconds.
  path: Assets/leaf-crunch-409641.mp3
  artifactKey: Guid(5eea113a2899d44f4a3f36f7a39f7492) Importer(815301076,1909f56bfc062723c751e8b465ee728b)
Start importing Assets/leaf-crunch-409641.mp3 using Guid(5eea113a2899d44f4a3f36f7a39f7492) Importer(815301076,1909f56bfc062723c751e8b465ee728b) (PreviewImporter) -> (artifact id: '40ec97e42defeb7fb701d78dd66432fb') in 0.062068075 seconds
Number of updated asset objects reloaded before import = 0Number of asset objects unloaded after import = 2

========================================================================
Received Import Request.
  Time since last request: 0.000130 seconds.
  path: Assets/New Piskel (36).png
  artifactKey: Guid(cf2d63db0fd9e468abc06769c6731fdb) Importer(815301076,1909f56bfc062723c751e8b465ee728b)
Start importing Assets/New Piskel (36).png using Guid(cf2d63db0fd9e468abc06769c6731fdb) Importer(815301076,1909f56bfc062723c751e8b465ee728b) (PreviewImporter) -> (artifact id: 'fcf6963028385a003fa38fadfe4be54a') in 0.120367148 seconds
Number of updated asset objects reloaded before import = 0Number of asset objects unloaded after import = 3

========================================================================
Received Import Request.
  Time since last request: 0.008482 seconds.
  path: Assets/New Piskel (36) 1.png
  artifactKey: Guid(493761b03a4c74a01bd015c94d6786c8) Importer(815301076,1909f56bfc062723c751e8b465ee728b)
Start importing Assets/New Piskel (36) 1.png using Guid(493761b03a4c74a01bd015c94d6786c8) Importer(815301076,1909f56bfc062723c751e8b465ee728b) (PreviewImporter) -> (artifact id: 'dea1d05c71f1cdb204ba831820a5124e') in 0.069957649 seconds
Number of updated asset objects reloaded before import = 0Number of asset objects unloaded after import = 3

========================================================================
Received Import Request.
  Time since last request: 0.011482 seconds.
  path: Assets/video-game-bonus-323603.mp3
  artifactKey: Guid(d8e6d69e6f69e466fb0d187f5f16f4ab) Importer(815301076,1909f56bfc062723c751e8b465ee728b)
Start importing Assets/video-game-bonus-323603.mp3 using Guid(d8e6d69e6f69e466fb0d187f5f16f4ab) Importer(815301076,1909f56bfc062723c751e8b465ee728b) (PreviewImporter) -> (artifact id: 'b6e4e6b51fcb14b35eb2954f8b0d3a95') in 0.116099381 seconds
Number of updated asset objects reloaded before import = 0Number of asset objects unloaded after import = 2

========================================================================
Received Import Request.
  Time since last request: 0.000157 seconds.
  path: Assets/New Piskel (44).png
  artifactKey: Guid(5d232679e30a9405aaff5c78ed4fb906) Importer(815301076,1909f56bfc062723c751e8b465ee728b)
Start importing Assets/New Piskel (44).png using Guid(5d232679e30a9405aaff5c78ed4fb906) Importer(815301076,1909f56bfc062723c751e8b465ee728b) (PreviewImporter) -> (artifact id: '4f4a56d4ec208481c8e151f9df552c42') in 0.05800475 seconds
Number of updated asset objects reloaded before import = 0Number of asset objects unloaded after import = 3

========================================================================
Received Import Request.
  Time since last request: 0.002137 seconds.
  path: Assets/New Piskel (32).png
  artifactKey: Guid(a68f67226de034376a688a8894153af9) Importer(815301076,1909f56bfc062723c751e8b465ee728b)
Start importing Assets/New Piskel (32).png using Guid(a68f67226de034376a688a8894153af9) Importer(815301076,1909f56bfc062723c751e8b465ee728b) (PreviewImporter) -> (artifact id: '000a0540d13d185a9f401803a53a3325') in 0.163135791 seconds
Number of updated asset objects reloaded before import = 0Number of asset objects unloaded after import = 3

========================================================================
Received Import Request.
  Time since last request: 0.004383 seconds.
  path: Assets/LeafBlower.prefab
  artifactKey: Guid(806a69b8f06ce4c829246dd6e7dc9346) Importer(815301076,1909f56bfc062723c751e8b465ee728b)
Start importing Assets/LeafBlower.prefab using Guid(806a69b8f06ce4c829246dd6e7dc9346) Importer(815301076,1909f56bfc062723c751e8b465ee728b) (PreviewImporter) -> (artifact id: 'b2781007944442a33df1c5d4925cf33f') in 0.036157616 seconds
Number of updated asset objects reloaded before import = 0Number of asset objects unloaded after import = 8

========================================================================
Received Import Request.
  Time since last request: 0.000592 seconds.
  path: Assets/New Piskel (35).png
  artifactKey: Guid(de844d3ddc5894c3da98e642afb63acd) Importer(815301076,1909f56bfc062723c751e8b465ee728b)
Start importing Assets/New Piskel (35).png using Guid(de844d3ddc5894c3da98e642afb63acd) Importer(815301076,1909f56bfc062723c751e8b465ee728b) (PreviewImporter) -> (artifact id: 'e755b0da514127e63b966f1ef062a6a6') in 0.06560035 seconds
Number of updated asset objects reloaded before import = 0Number of asset objects unloaded after import = 3

========================================================================
Received Import Request.
  Time since last request: 0.005968 seconds.
  path: Assets/New Piskel (41).png
  artifactKey: Guid(daea4e06ead734190a472a4b7649f362) Importer(815301076,1909f56bfc062723c751e8b465ee728b)
Start importing Assets/New Piskel (41).png using Guid(daea4e06ead734190a472a4b7649f362) Importer(815301076,1909f56bfc062723c751e8b465ee728b) (PreviewImporter) -> (artifact id: 'e4aa0e1a88cc3df9a49dcba4dbdc7ffc') in 0.064819216 seconds
Number of updated asset objects reloaded before import = 0Number of asset objects unloaded after import = 3

========================================================================
Received Import Request.
  Time since last request: 0.007598 seconds.
  path: Assets/settings.png
  artifactKey: Guid(1061366d9f3b541e58c474ad071957d7) Importer(815301076,1909f56bfc062723c751e8b465ee728b)
Start importing Assets/settings.png using Guid(1061366d9f3b541e58c474ad071957d7) Importer(815301076,1909f56bfc062723c751e8b465ee728b) (PreviewImporter) -> (artifact id: '83d19dcf0562f65cdf6ccdf30b0d620a') in 0.032927732 seconds
Number of updated asset objects reloaded before import = 0Number of asset objects unloaded after import = 3

========================================================================
Received Import Request.
  Time since last request: 0.003026 seconds.
  path: Assets/Dad.prefab
  artifactKey: Guid(e0416838440284dff99b79722e245c8c) Importer(815301076,1909f56bfc062723c751e8b465ee728b)
Start importing Assets/Dad.prefab using Guid(e0416838440284dff99b79722e245c8c) Importer(815301076,1909f56bfc062723c751e8b465ee728b) (PreviewImporter) -> (artifact id: '050404b7a4a805abe2a6d3044890d325') in 0.027293905 seconds
Number of updated asset objects reloaded before import = 0Number of asset objects unloaded after import = 8

========================================================================
Received Import Request.
  Time since last request: 0.000628 seconds.
  path: Assets/beep-6-96243.mp3
  artifactKey: Guid(2992824c66c904ac7a93334d7eae5d50) Importer(815301076,1909f56bfc062723c751e8b465ee728b)
Start importing Assets/beep-6-96243.mp3 using Guid(2992824c66c904ac7a93334d7eae5d50) Importer(815301076,1909f56bfc062723c751e8b465ee728b) (PreviewImporter) -> (artifact id: '025ae1f309d8e38cc2193ae29566662a') in 0.015647417 seconds
Number of updated asset objects reloaded before import = 0Number of asset objects unloaded after import = 2

========================================================================
Received Import Request.
  Time since last request: 0.000110 seconds.
  path: Assets/level-up-05-326133.mp3
  artifactKey: Guid(314d85ecbc57746acbcce3fdb24cba91) Importer(815301076,1909f56bfc062723c751e8b465ee728b)
Start importing Assets/level-up-05-326133.mp3 using Guid(314d85ecbc57746acbcce3fdb24cba91) Importer(815301076,1909f56bfc062723c751e8b465ee728b) (PreviewImporter) -> (artifact id: 'db532efb129ef5dfc0f6cf949a4b3563') in 0.032375324 seconds
Number of updated asset objects reloaded before import = 0Number of asset objects unloaded after import = 2

========================================================================
Received Prepare
Begin MonoManager ReloadAssembly
- Loaded All Assemblies, in  2.324 seconds
Refreshing native plugins compatible for Editor in 8.45 ms, found 3 plugins.
Native extension for WindowsStandalone target not found
Native extension for OSXStandalone target not found
Native extension for WebGL target not found
<WakaTime> Initializing...
UnityEngine.Debug:ExtractStackTraceNoAlloc (byte*,int,string)
UnityEngine.StackTraceUtility:ExtractStackTrace () (at /Users/bokken/build/output/unity/unity/Runtime/Export/Scripting/StackTrace.cs:37)
UnityEngine.DebugLogHandler:Internal_Log (UnityEngine.LogType,UnityEngine.LogOption,string,UnityEngine.Object)
UnityEngine.DebugLogHandler:LogFormat (UnityEngine.LogType,UnityEngine.Object,string,object[])
UnityEngine.Logger:Log (UnityEngine.LogType,object)
UnityEngine.Debug:Log (object)
WakaTime.Plugin:Initialize () (at ./Library/PackageCache/com.hestia.hackatime@574b3d3d2eec/Editor/Plugin.cs:60)
WakaTime.Plugin:.cctor () (at ./Library/PackageCache/com.hestia.hackatime@574b3d3d2eec/Editor/Plugin.cs:34)
System.Runtime.CompilerServices.RuntimeHelpers:RunClassConstructor (System.RuntimeTypeHandle)
UnityEditor.EditorAssemblies:ProcessInitializeOnLoadAttributes (System.Type[]) (at /Users/bokken/build/output/unity/unity/Editor/Mono/EditorAssemblies.cs:118)

(Filename: ./Library/PackageCache/com.hestia.hackatime@574b3d3d2eec/Editor/Plugin.cs Line: 60)

<WakaTime> Sending heartbeat...
UnityEngine.Debug:ExtractStackTraceNoAlloc (byte*,int,string)
UnityEngine.StackTraceUtility:ExtractStackTrace () (at /Users/bokken/build/output/unity/unity/Runtime/Export/Scripting/StackTrace.cs:37)
UnityEngine.DebugLogHandler:Internal_Log (UnityEngine.LogType,UnityEngine.LogOption,string,UnityEngine.Object)
UnityEngine.DebugLogHandler:LogFormat (UnityEngine.LogType,UnityEngine.Object,string,object[])
UnityEngine.Logger:Log (UnityEngine.LogType,object)
UnityEngine.Debug:Log (object)
WakaTime.Plugin:SendHeartbeat (bool) (at ./Library/PackageCache/com.hestia.hackatime@574b3d3d2eec/Editor/Plugin.cs:128)
WakaTime.Plugin:Initialize () (at ./Library/PackageCache/com.hestia.hackatime@574b3d3d2eec/Editor/Plugin.cs:62)
WakaTime.Plugin:.cctor () (at ./Library/PackageCache/com.hestia.hackatime@574b3d3d2eec/Editor/Plugin.cs:34)
System.Runtime.CompilerServices.RuntimeHelpers:RunClassConstructor (System.RuntimeTypeHandle)
UnityEditor.EditorAssemblies:ProcessInitializeOnLoadAttributes (System.Type[]) (at /Users/bokken/build/output/unity/unity/Editor/Mono/EditorAssemblies.cs:118)

(Filename: ./Library/PackageCache/com.hestia.hackatime@574b3d3d2eec/Editor/Plugin.cs Line: 128)

Mono: successfully reloaded assembly
- Finished resetting the current domain, in  1.664 seconds
Domain Reload Profiling: 3992ms
	BeginReloadAssembly (738ms)
		ExecutionOrderSort (0ms)
		DisableScriptedObjects (99ms)
		BackupInstance (0ms)
		ReleaseScriptingObjects (0ms)
		CreateAndSetChildDomain (231ms)
	RebuildCommonClasses (114ms)
	RebuildNativeTypeToScriptingClass (30ms)
	initialDomainReloadingComplete (43ms)
	LoadAllAssembliesAndSetupDomain (1403ms)
		LoadAssemblies (887ms)
		RebuildTransferFunctionScriptingTraits (0ms)
		AnalyzeDomain (826ms)
			TypeCache.Refresh (508ms)
				TypeCache.ScanAssembly (473ms)
			BuildScriptInfoCaches (286ms)
			ResolveRequiredComponents (25ms)
	FinalizeReload (1665ms)
		ReleaseScriptCaches (0ms)
		RebuildScriptCaches (0ms)
		SetupLoadedEditorAssemblies (1275ms)
			LogAssemblyErrors (0ms)
			InitializePlatformSupportModulesInManaged (6ms)
			SetLoadedEditorAssemblies (10ms)
			BeforeProcessingInitializeOnLoad (360ms)
			ProcessInitializeOnLoadAttributes (770ms)
			ProcessInitializeOnLoadMethodAttributes (126ms)
			AfterProcessingInitializeOnLoad (2ms)
			EditorAssembliesLoaded (0ms)
		ExecutionOrderSort2 (0ms)
		AwakeInstancesAfterBackupRestoration (17ms)
Refreshing native plugins compatible for Editor in 1.54 ms, found 3 plugins.
Preloading 0 native plugins for Editor in 0.00 ms.
Unloading 14 Unused Serialized files (Serialized files now loaded: 0)
<WakaTime> Got response
{"id":482546910,"user_id":11507,"branch":"master","category":"coding","dependencies":[],"editor":"","entity":"Unsaved Scene","language":"unity","machine":null,"operating_system":"","project":"autumn-attack","type":"file","user_agent":"unity-wakatime","line_additions":null,"line_deletions":null,"lineno":null,"lines":null,"cursorpos":null,"project_root_count":null,"time":1761380992.0,"is_write":false,"created_at":"2025-10-25T08:29:28.120Z","updated_at":"2025-10-25T08:29:28.124Z","fields_hash":"c5345f4cf26e136aa8bfff4cd7da79e1","source_type":"direct_entry","ip_address":"81.97.26.125","ysws_program":"nothing","deleted_at":null,"raw_data":{"time":1761380992.0,"type":"file","lines":null,"branch":"master","editor":"","entity":"Unsaved Scene","lineno":null,"machine":null,"project":"autumn-attack","user_id":11507,"category":"coding","is_write":false,"language":"unity","cursorpos":null,"user_agent":"unity-wakatime","dependencies":[],"line_additions":null,"line_deletions":null,"operating_system":"","project_root_count":null},"raw_heartbeat_upload_id":73253011}
UnityEngine.Debug:ExtractStackTraceNoAlloc (byte*,int,string)
UnityEngine.StackTraceUtility:ExtractStackTrace () (at /Users/bokken/build/output/unity/unity/Runtime/Export/Scripting/StackTrace.cs:37)
UnityEngine.DebugLogHandler:Internal_Log (UnityEngine.LogType,UnityEngine.LogOption,string,UnityEngine.Object)
UnityEngine.DebugLogHandler:LogFormat (UnityEngine.LogType,UnityEngine.Object,string,object[])
UnityEngine.Logger:Log (UnityEngine.LogType,object)
UnityEngine.Debug:Log (object)
WakaTime.Plugin/<>c__DisplayClass21_0:<SendHeartbeat>b__0 (UnityEngine.AsyncOperation) (at ./Library/PackageCache/com.hestia.hackatime@574b3d3d2eec/Editor/Plugin.cs:157)
UnityEngine.AsyncOperation:InvokeCompletionEvent () (at /Users/bokken/build/output/unity/unity/Runtime/Export/Scripting/AsyncOperation.cs:24)

(Filename: ./Library/PackageCache/com.hestia.hackatime@574b3d3d2eec/Editor/Plugin.cs Line: 157)

<WakaTime> Sent heartbeat!
UnityEngine.Debug:ExtractStackTraceNoAlloc (byte*,int,string)
UnityEngine.StackTraceUtility:ExtractStackTrace () (at /Users/bokken/build/output/unity/unity/Runtime/Export/Scripting/StackTrace.cs:37)
UnityEngine.DebugLogHandler:Internal_Log (UnityEngine.LogType,UnityEngine.LogOption,string,UnityEngine.Object)
UnityEngine.DebugLogHandler:LogFormat (UnityEngine.LogType,UnityEngine.Object,string,object[])
UnityEngine.Logger:Log (UnityEngine.LogType,object)
UnityEngine.Debug:Log (object)
WakaTime.Plugin/<>c__DisplayClass21_0:<SendHeartbeat>b__0 (UnityEngine.AsyncOperation) (at ./Library/PackageCache/com.hestia.hackatime@574b3d3d2eec/Editor/Plugin.cs:173)
UnityEngine.AsyncOperation:InvokeCompletionEvent () (at /Users/bokken/build/output/unity/unity/Runtime/Export/Scripting/AsyncOperation.cs:24)

(Filename: ./Library/PackageCache/com.hestia.hackatime@574b3d3d2eec/Editor/Plugin.cs Line: 173)

Unloading 6692 unused Assets / (4.9 MB). Loaded Objects now: 7509.
Memory consumption went from 146.8 MB to 141.9 MB.
Total: 13.557081 ms (FindLiveObjects: 1.206660 ms CreateObjectMapping: 1.158699 ms MarkObjects: 7.681806 ms  DeleteObjects: 3.508753 ms)

Prepare: number of updated asset objects reloaded= 0
AssetImportWorkerClient::OnTransportError - code=2 error=End of file
